<?xml version="1.0" encoding="UTF-8"?>
<!-- Generated by org.testng.reporters.JUnitXMLReporter -->
<testsuite ignored="1" hostname="Ranjits-MacBook-Air.local" failures="0" tests="1" name="Test1" time="196.872" errors="0" timestamp="2025-12-14T20:28:47 IST">
  <testcase classname="org.testcases.RunTheTestCases" name="createDataForHerokuappTestCase" time="196.855"/>
  <testcase classname="org.testcases.RunTheTestCases" name="redBusTestCase" time="0.0">
    <ignored/>
  </testcase> <!-- redBusTestCase -->
</testsuite> <!-- Test1 -->
