<?xml version="1.0" encoding="UTF-8"?>
<testng-results ignored="0" total="1" passed="1" failed="0" skipped="0">
  <reporter-output>
  </reporter-output>
  <suite started-at="2025-12-27T20:09:20 IST" name="Default suite" finished-at="2025-12-27T20:09:21 IST" duration-ms="1212">
    <groups>
    </groups>
    <test started-at="2025-12-27T20:09:20 IST" name="Default test" finished-at="2025-12-27T20:09:21 IST" duration-ms="1212">
      <class name="PostApiDifferentBodyTypes.PostApiDifferentBody">
        <test-method signature="bodyWithImageFileTest()[pri:0, instance:PostApiDifferentBodyTypes.PostApiDifferentBody@37d4349f]" started-at="2025-12-27T20:09:20 IST" name="bodyWithImageFileTest" finished-at="2025-12-27T20:09:21 IST" duration-ms="1199" status="PASS">
          <reporter-output>
          </reporter-output>
        </test-method> <!-- bodyWithImageFileTest -->
      </class> <!-- PostApiDifferentBodyTypes.PostApiDifferentBody -->
    </test> <!-- Default test -->
  </suite> <!-- Default suite -->
</testng-results>
