<?xml version="1.0" encoding="UTF-8"?>
<testng-results ignored="0" total="1" passed="1" failed="0" skipped="0">
  <reporter-output>
  </reporter-output>
  <suite started-at="2025-12-06T02:21:29 IST" name="MyTestSuite" finished-at="2025-12-06T02:21:44 IST" duration-ms="14894">
    <groups>
    </groups>
    <test started-at="2025-12-06T02:21:29 IST" name="Test1" finished-at="2025-12-06T02:21:44 IST" duration-ms="14894">
      <class name="org.testcases.RunTheTestCase1">
        <test-method is-config="true" signature="setUp()[pri:0, instance:org.testcases.RunTheTestCase1@75d3a5e0]" started-at="2025-12-06T02:21:27 IST" name="setUp" finished-at="2025-12-06T02:21:29 IST" duration-ms="2024" status="PASS">
          <reporter-output>
          </reporter-output>
        </test-method> <!-- setUp -->
        <test-method signature="testCase1()[pri:0, instance:org.testcases.RunTheTestCase1@75d3a5e0]" started-at="2025-12-06T02:21:29 IST" name="testCase1" finished-at="2025-12-06T02:21:44 IST" duration-ms="14882" status="PASS">
          <reporter-output>
          </reporter-output>
        </test-method> <!-- testCase1 -->
        <test-method is-config="true" signature="tearDown()[pri:0, instance:org.testcases.RunTheTestCase1@75d3a5e0]" started-at="2025-12-06T02:21:44 IST" name="tearDown" finished-at="2025-12-06T02:21:47 IST" duration-ms="3124" status="PASS">
          <reporter-output>
          </reporter-output>
        </test-method> <!-- tearDown -->
      </class> <!-- org.testcases.RunTheTestCase1 -->
    </test> <!-- Test1 -->
  </suite> <!-- MyTestSuite -->
</testng-results>
