<?xml version="1.0" encoding="UTF-8"?>
<!-- Generated by org.testng.reporters.JUnitReportReporter -->
<testsuite hostname="Ranjits-MacBook-Air.local" failures="0" tests="2" name="org.testcases.RunTheTestCases" time="196.855" errors="0" timestamp="2025-12-14T20:28:50 IST" skipped="1">
  <testcase classname="org.testcases.RunTheTestCases" name="createDataForHerokuappTestCase" time="196.855"/>
  <testcase classname="org.testcases.RunTheTestCases" name="redBusTestCase">
    <skipped/>
  </testcase> <!-- redBusTestCase -->
</testsuite> <!-- org.testcases.RunTheTestCases -->
