<?xml version="1.0" encoding="UTF-8"?>
<!-- Generated by org.testng.reporters.JUnitXMLReporter -->
<testsuite ignored="6" hostname="Ranjits-MacBook-Air.local" failures="0" tests="1" name="Default test" time="1.212" errors="0" timestamp="2025-12-27T20:09:21 IST">
  <testcase classname="PostApiDifferentBodyTypes.PostApiDifferentBody" name="bodyWithImageFileTest" time="1.199"/>
  <testcase classname="PostApiDifferentBodyTypes.PostApiDifferentBody" name="bodyWithXMLTest" time="0.0">
    <ignored/>
  </testcase> <!-- bodyWithXMLTest -->
  <testcase classname="PostApiDifferentBodyTypes.PostApiDifferentBody" name="bodyWithMultiPartTest" time="0.0">
    <ignored/>
  </testcase> <!-- bodyWithMultiPartTest -->
  <testcase classname="PostApiDifferentBodyTypes.PostApiDifferentBody" name="bodyWithJavascriptTest" time="0.0">
    <ignored/>
  </testcase> <!-- bodyWithJavascriptTest -->
  <testcase classname="PostApiDifferentBodyTypes.PostApiDifferentBody" name="bodyWithPDFFileTest" time="0.0">
    <ignored/>
  </testcase> <!-- bodyWithPDFFileTest -->
  <testcase classname="PostApiDifferentBodyTypes.PostApiDifferentBody" name="bodyWithHTMLTest" time="0.0">
    <ignored/>
  </testcase> <!-- bodyWithHTMLTest -->
  <testcase classname="PostApiDifferentBodyTypes.PostApiDifferentBody" name="bodyWithPlainTextTest" time="0.0">
    <ignored/>
  </testcase> <!-- bodyWithPlainTextTest -->
</testsuite> <!-- Default test -->
